<?xml version="1.0" encoding="UTF-8"?>
<!-- Generated by org.testng.reporters.JUnitXMLReporter -->
<testsuite ignored="2" hostname="DESKTOP-KS3OAII" failures="0" tests="2" name="Test" time="0.245" errors="0" timestamp="2023-09-15T08:52:37 PDT">
  <testcase classname="mytest.FirstTest" name="login" time="0.046"/>
  <testcase classname="mytest.FirstTest" name="add" time="0.013"/>
  <testcase classname="mytest.FirstTest" name="register" time="0.0">
    <ignored/>
  </testcase> <!-- register -->
  <testcase classname="mytest.FirstTest" name="cancel" time="0.0">
    <ignored/>
  </testcase> <!-- cancel -->
</testsuite> <!-- Test -->
