<?xml version="1.0" encoding="UTF-8"?>
<testng-results ignored="0" total="1" passed="1" failed="0" skipped="0">
  <reporter-output>
  </reporter-output>
  <suite started-at="2023-10-02T08:20:55 PDT" name="Default suite" finished-at="2023-10-02T08:21:09 PDT" duration-ms="14643">
    <groups>
    </groups>
    <test started-at="2023-10-02T08:20:55 PDT" name="Default test" finished-at="2023-10-02T08:21:09 PDT" duration-ms="14643">
      <class name="mytest.RegistrationFormTest">
        <test-method is-config="true" signature="beforeTest()[pri:0, instance:mytest.RegistrationFormTest@7fa98a66]" started-at="2023-10-02T08:20:55 PDT" name="beforeTest" finished-at="2023-10-02T08:21:05 PDT" duration-ms="10560" status="PASS">
          <reporter-output>
          </reporter-output>
        </test-method> <!-- beforeTest -->
        <test-method signature="f()[pri:0, instance:mytest.RegistrationFormTest@7fa98a66]" started-at="2023-10-02T08:21:06 PDT" name="f" finished-at="2023-10-02T08:21:09 PDT" duration-ms="3396" status="PASS">
          <reporter-output>
          </reporter-output>
        </test-method> <!-- f -->
        <test-method is-config="true" signature="afterTest()[pri:0, instance:mytest.RegistrationFormTest@7fa98a66]" started-at="2023-10-02T08:21:09 PDT" name="afterTest" finished-at="2023-10-02T08:21:09 PDT" duration-ms="485" status="PASS">
          <reporter-output>
          </reporter-output>
        </test-method> <!-- afterTest -->
      </class> <!-- mytest.RegistrationFormTest -->
    </test> <!-- Default test -->
  </suite> <!-- Default suite -->
</testng-results>
